2021-10-13 19:49:08,566 DEBUG class ~ browser intialize
2021-10-13 19:49:08,567 INFO  class ~ info log
2021-10-13 19:49:15,517 DEBUG class ~ from dropdown clicked
2021-10-13 19:49:16,618 DEBUG class ~ from Value Selected
2021-10-13 19:49:18,942 DEBUG class ~ To dropdown clicked
2021-10-13 19:49:19,680 DEBUG class ~ To Value clicked
2021-10-13 19:49:19,680 INFO  class ~ To Value clicked - info
2021-10-13 19:49:21,035 DEBUG class ~ Date Selected
2021-10-13 19:49:21,035 ERROR class ~ Date Selected
2021-10-13 19:49:21,035 FATAL class ~ Date Selected -fatal
2021-10-13 19:49:21,035 WARN  class ~ Date Selected -warning
2021-10-13 19:49:32,498 DEBUG class ~ from dropdown clicked
2021-10-13 19:49:33,149 DEBUG class ~ from Value Selected
2021-10-13 19:49:35,373 DEBUG class ~ To dropdown clicked
2021-10-13 19:49:36,301 DEBUG class ~ To Value clicked
2021-10-13 19:49:36,301 INFO  class ~ To Value clicked - info
2021-10-13 19:49:38,233 DEBUG class ~ Date Selected
2021-10-13 19:49:38,233 ERROR class ~ Date Selected
2021-10-13 19:49:38,233 FATAL class ~ Date Selected -fatal
2021-10-13 19:49:38,234 WARN  class ~ Date Selected -warning
2021-10-13 19:49:48,440 DEBUG class ~ from dropdown clicked
2021-10-13 19:49:49,092 DEBUG class ~ from Value Selected
2021-10-13 19:49:51,395 DEBUG class ~ To dropdown clicked
2021-10-13 19:49:52,285 DEBUG class ~ To Value clicked
2021-10-13 19:49:52,285 INFO  class ~ To Value clicked - info
2021-10-13 19:49:54,858 DEBUG class ~ Date Selected
2021-10-13 19:49:54,858 ERROR class ~ Date Selected
2021-10-13 19:49:54,859 FATAL class ~ Date Selected -fatal
2021-10-13 19:49:54,859 WARN  class ~ Date Selected -warning
2021-10-13 19:50:00,952 DEBUG freemarker.cache ~ Couldn't find template in cache for "Extent.ftl"("en_IN", UTF-8, parsed); will try to load it.
2021-10-13 19:50:00,953 DEBUG freemarker.cache ~ TemplateLoader.findTemplateSource("Extent_en_IN.ftl"): Not found
2021-10-13 19:50:00,954 DEBUG freemarker.cache ~ TemplateLoader.findTemplateSource("Extent_en.ftl"): Not found
2021-10-13 19:50:00,955 DEBUG freemarker.cache ~ TemplateLoader.findTemplateSource("Extent.ftl"): Found
2021-10-13 19:50:00,956 DEBUG freemarker.cache ~ Loading template for "Extent.ftl"("en_IN", UTF-8, parsed) from "jar:file:/C:/Users/sathishkumar/.m2/repository/com/relevantcodes/extentreports/2.41.2/extentreports-2.41.2.jar!/com/relevantcodes/extentreports/view/Extent.ftl"
2021-10-14 08:02:57,734 DEBUG class ~ browser intialize
2021-10-14 08:02:57,735 INFO  class ~ info log
2021-10-14 08:03:09,193 DEBUG class ~ from dropdown clicked
2021-10-14 08:03:09,819 DEBUG class ~ from Value Selected
2021-10-14 08:03:12,002 DEBUG class ~ To dropdown clicked
2021-10-14 08:03:12,760 DEBUG class ~ To Value clicked
2021-10-14 08:03:12,760 INFO  class ~ To Value clicked - info
2021-10-14 08:03:13,975 DEBUG class ~ Date Selected
2021-10-14 08:03:13,975 ERROR class ~ Date Selected
2021-10-14 08:03:13,976 FATAL class ~ Date Selected -fatal
2021-10-14 08:03:13,976 WARN  class ~ Date Selected -warning
2021-10-14 08:03:26,478 DEBUG class ~ from dropdown clicked
2021-10-14 08:03:27,267 DEBUG class ~ from Value Selected
2021-10-14 08:03:29,436 DEBUG class ~ To dropdown clicked
2021-10-14 08:03:30,407 DEBUG class ~ To Value clicked
2021-10-14 08:03:30,407 INFO  class ~ To Value clicked - info
2021-10-14 08:03:32,092 DEBUG class ~ Date Selected
2021-10-14 08:03:32,092 ERROR class ~ Date Selected
2021-10-14 08:03:32,092 FATAL class ~ Date Selected -fatal
2021-10-14 08:03:32,092 WARN  class ~ Date Selected -warning
2021-10-14 08:03:42,181 DEBUG class ~ from dropdown clicked
2021-10-14 08:03:42,720 DEBUG class ~ from Value Selected
2021-10-14 08:03:44,877 DEBUG class ~ To dropdown clicked
2021-10-14 08:03:45,765 DEBUG class ~ To Value clicked
2021-10-14 08:03:45,766 INFO  class ~ To Value clicked - info
2021-10-14 08:03:47,531 DEBUG class ~ Date Selected
2021-10-14 08:03:47,531 ERROR class ~ Date Selected
2021-10-14 08:03:47,531 FATAL class ~ Date Selected -fatal
2021-10-14 08:03:47,531 WARN  class ~ Date Selected -warning
2021-10-14 08:03:54,396 DEBUG freemarker.cache ~ Couldn't find template in cache for "Extent.ftl"("en_IN", UTF-8, parsed); will try to load it.
2021-10-14 08:03:54,397 DEBUG freemarker.cache ~ TemplateLoader.findTemplateSource("Extent_en_IN.ftl"): Not found
2021-10-14 08:03:54,398 DEBUG freemarker.cache ~ TemplateLoader.findTemplateSource("Extent_en.ftl"): Not found
2021-10-14 08:03:54,398 DEBUG freemarker.cache ~ TemplateLoader.findTemplateSource("Extent.ftl"): Found
2021-10-14 08:03:54,399 DEBUG freemarker.cache ~ Loading template for "Extent.ftl"("en_IN", UTF-8, parsed) from "jar:file:/C:/Users/sathishkumar/.m2/repository/com/relevantcodes/extentreports/2.41.2/extentreports-2.41.2.jar!/com/relevantcodes/extentreports/view/Extent.ftl"
2021-10-14 08:18:19,037 DEBUG class ~ browser intialize
2021-10-14 08:18:19,038 INFO  class ~ info log
2021-10-14 08:18:26,496 DEBUG class ~ from dropdown clicked
2021-10-14 08:18:27,039 DEBUG class ~ from Value Selected
2021-10-14 08:18:29,207 DEBUG class ~ To dropdown clicked
2021-10-14 08:18:30,004 DEBUG class ~ To Value clicked
2021-10-14 08:18:30,004 INFO  class ~ To Value clicked - info
2021-10-14 08:18:31,261 DEBUG class ~ Date Selected
2021-10-14 08:18:31,262 ERROR class ~ Date Selected
2021-10-14 08:18:31,262 FATAL class ~ Date Selected -fatal
2021-10-14 08:18:31,262 WARN  class ~ Date Selected -warning
2021-10-14 08:18:43,693 DEBUG class ~ from dropdown clicked
2021-10-14 08:18:44,375 DEBUG class ~ from Value Selected
2021-10-14 08:18:46,627 DEBUG class ~ To dropdown clicked
2021-10-14 08:18:47,640 DEBUG class ~ To Value clicked
2021-10-14 08:18:47,640 INFO  class ~ To Value clicked - info
2021-10-14 08:18:49,305 DEBUG class ~ Date Selected
2021-10-14 08:18:49,305 ERROR class ~ Date Selected
2021-10-14 08:18:49,305 FATAL class ~ Date Selected -fatal
2021-10-14 08:18:49,305 WARN  class ~ Date Selected -warning
2021-10-14 08:19:00,260 DEBUG class ~ from dropdown clicked
2021-10-14 08:19:00,807 DEBUG class ~ from Value Selected
2021-10-14 08:19:03,063 DEBUG class ~ To dropdown clicked
2021-10-14 08:19:04,044 DEBUG class ~ To Value clicked
2021-10-14 08:19:04,044 INFO  class ~ To Value clicked - info
2021-10-14 08:19:05,872 DEBUG class ~ Date Selected
2021-10-14 08:19:05,872 ERROR class ~ Date Selected
2021-10-14 08:19:05,872 FATAL class ~ Date Selected -fatal
2021-10-14 08:19:05,872 WARN  class ~ Date Selected -warning
2021-10-14 08:19:13,320 DEBUG freemarker.cache ~ Couldn't find template in cache for "Extent.ftl"("en_IN", UTF-8, parsed); will try to load it.
2021-10-14 08:19:13,321 DEBUG freemarker.cache ~ TemplateLoader.findTemplateSource("Extent_en_IN.ftl"): Not found
2021-10-14 08:19:13,322 DEBUG freemarker.cache ~ TemplateLoader.findTemplateSource("Extent_en.ftl"): Not found
2021-10-14 08:19:13,323 DEBUG freemarker.cache ~ TemplateLoader.findTemplateSource("Extent.ftl"): Found
2021-10-14 08:19:13,324 DEBUG freemarker.cache ~ Loading template for "Extent.ftl"("en_IN", UTF-8, parsed) from "jar:file:/C:/Users/sathishkumar/.m2/repository/com/relevantcodes/extentreports/2.41.2/extentreports-2.41.2.jar!/com/relevantcodes/extentreports/view/Extent.ftl"
2021-10-14 08:32:48,311 DEBUG class ~ browser intialize
2021-10-14 08:32:48,312 INFO  class ~ info log
2021-10-14 08:32:55,821 DEBUG class ~ from dropdown clicked
2021-10-14 08:32:56,405 DEBUG class ~ from Value Selected
2021-10-14 08:32:58,575 DEBUG class ~ To dropdown clicked
2021-10-14 08:32:59,346 DEBUG class ~ To Value clicked
2021-10-14 08:32:59,346 INFO  class ~ To Value clicked - info
2021-10-14 08:33:00,581 DEBUG class ~ Date Selected
2021-10-14 08:33:00,581 ERROR class ~ Date Selected
2021-10-14 08:33:00,584 FATAL class ~ Date Selected -fatal
2021-10-14 08:33:00,584 WARN  class ~ Date Selected -warning
2021-10-14 08:33:14,051 DEBUG class ~ from dropdown clicked
2021-10-14 08:33:14,768 DEBUG class ~ from Value Selected
2021-10-14 08:33:16,929 DEBUG class ~ To dropdown clicked
2021-10-14 08:33:17,904 DEBUG class ~ To Value clicked
2021-10-14 08:33:17,904 INFO  class ~ To Value clicked - info
2021-10-14 08:33:19,371 DEBUG class ~ Date Selected
2021-10-14 08:33:19,371 ERROR class ~ Date Selected
2021-10-14 08:33:19,372 FATAL class ~ Date Selected -fatal
2021-10-14 08:33:19,372 WARN  class ~ Date Selected -warning
2021-10-14 08:33:30,060 DEBUG class ~ from dropdown clicked
2021-10-14 08:33:30,591 DEBUG class ~ from Value Selected
2021-10-14 08:33:32,769 DEBUG class ~ To dropdown clicked
2021-10-14 08:33:33,701 DEBUG class ~ To Value clicked
2021-10-14 08:33:33,701 INFO  class ~ To Value clicked - info
2021-10-14 08:33:35,580 DEBUG class ~ Date Selected
2021-10-14 08:33:35,580 ERROR class ~ Date Selected
2021-10-14 08:33:35,580 FATAL class ~ Date Selected -fatal
2021-10-14 08:33:35,580 WARN  class ~ Date Selected -warning
2021-10-14 08:33:42,155 DEBUG freemarker.cache ~ Couldn't find template in cache for "Extent.ftl"("en_IN", UTF-8, parsed); will try to load it.
2021-10-14 08:33:42,156 DEBUG freemarker.cache ~ TemplateLoader.findTemplateSource("Extent_en_IN.ftl"): Not found
2021-10-14 08:33:42,157 DEBUG freemarker.cache ~ TemplateLoader.findTemplateSource("Extent_en.ftl"): Not found
2021-10-14 08:33:42,158 DEBUG freemarker.cache ~ TemplateLoader.findTemplateSource("Extent.ftl"): Found
2021-10-14 08:33:42,158 DEBUG freemarker.cache ~ Loading template for "Extent.ftl"("en_IN", UTF-8, parsed) from "jar:file:/C:/Users/sathishkumar/.m2/repository/com/relevantcodes/extentreports/2.41.2/extentreports-2.41.2.jar!/com/relevantcodes/extentreports/view/Extent.ftl"
2021-10-14 09:13:51,568 DEBUG class ~ browser intialize
2021-10-14 09:13:51,568 INFO  class ~ info log
2021-10-14 09:13:58,904 DEBUG class ~ from dropdown clicked
2021-10-14 09:13:59,512 DEBUG class ~ from Value Selected: BKK
2021-10-14 09:13:59,512 INFO  class ~ From list is clikced andpassed in tes case step
2021-10-14 09:14:01,672 DEBUG class ~ To dropdown clicked
2021-10-14 09:14:02,399 DEBUG class ~ To Value clicked: MAA
2021-10-14 09:14:02,399 INFO  class ~ To Value clicked - info
2021-10-14 09:14:02,399 INFO  class ~ To list is clikced andpassed in tes case step
2021-10-14 09:14:03,689 DEBUG class ~ Date Selected
2021-10-14 09:14:03,689 ERROR class ~ Date Selected
2021-10-14 09:14:03,690 FATAL class ~ Date Selected -fatal
2021-10-14 09:14:03,690 WARN  class ~ Date Selected -warning
2021-10-14 09:14:03,690 INFO  class ~ Date is clikced and passed in tes case step
2021-10-14 09:14:16,188 DEBUG class ~ from dropdown clicked
2021-10-14 09:14:16,913 DEBUG class ~ from Value Selected: GOI
2021-10-14 09:14:16,913 INFO  class ~ From list is clikced andpassed in tes case step
2021-10-14 09:14:19,072 DEBUG class ~ To dropdown clicked
2021-10-14 09:14:20,022 DEBUG class ~ To Value clicked: SFO
2021-10-14 09:14:20,022 INFO  class ~ To Value clicked - info
2021-10-14 09:14:20,022 INFO  class ~ To list is clikced andpassed in tes case step
2021-10-14 09:14:21,599 DEBUG class ~ Date Selected
2021-10-14 09:14:21,599 ERROR class ~ Date Selected
2021-10-14 09:14:21,683 FATAL class ~ Date Selected -fatal
2021-10-14 09:14:21,684 WARN  class ~ Date Selected -warning
2021-10-14 09:14:21,684 INFO  class ~ Date is clikced and passed in tes case step
2021-10-14 09:14:32,313 DEBUG class ~ from dropdown clicked
2021-10-14 09:14:32,892 DEBUG class ~ from Value Selected: PNQ
2021-10-14 09:14:32,892 INFO  class ~ From list is clikced andpassed in tes case step
2021-10-14 09:14:35,071 DEBUG class ~ To dropdown clicked
2021-10-14 09:14:36,074 DEBUG class ~ To Value clicked: HKG
2021-10-14 09:14:36,075 INFO  class ~ To Value clicked - info
2021-10-14 09:14:36,075 INFO  class ~ To list is clikced andpassed in tes case step
2021-10-14 09:14:37,816 DEBUG class ~ Date Selected
2021-10-14 09:14:37,816 ERROR class ~ Date Selected
2021-10-14 09:14:37,816 FATAL class ~ Date Selected -fatal
2021-10-14 09:14:37,816 WARN  class ~ Date Selected -warning
2021-10-14 09:14:37,816 INFO  class ~ Date is clikced and passed in tes case step
2021-10-14 09:14:45,023 DEBUG freemarker.cache ~ Couldn't find template in cache for "Extent.ftl"("en_IN", UTF-8, parsed); will try to load it.
2021-10-14 09:14:45,024 DEBUG freemarker.cache ~ TemplateLoader.findTemplateSource("Extent_en_IN.ftl"): Not found
2021-10-14 09:14:45,025 DEBUG freemarker.cache ~ TemplateLoader.findTemplateSource("Extent_en.ftl"): Not found
2021-10-14 09:14:45,026 DEBUG freemarker.cache ~ TemplateLoader.findTemplateSource("Extent.ftl"): Found
2021-10-14 09:14:45,026 DEBUG freemarker.cache ~ Loading template for "Extent.ftl"("en_IN", UTF-8, parsed) from "jar:file:/C:/Users/sathishkumar/.m2/repository/com/relevantcodes/extentreports/2.41.2/extentreports-2.41.2.jar!/com/relevantcodes/extentreports/view/Extent.ftl"
2021-10-14 09:24:00,754 DEBUG class ~ browser intialize
2021-10-14 09:24:00,755 INFO  class ~ info log
2021-10-14 09:24:10,259 DEBUG class ~ from dropdown clicked
2021-10-14 09:24:11,429 DEBUG class ~ from Value Selected: BKK
2021-10-14 09:24:11,429 INFO  class ~ From list is clikced andpassed in tes case step
2021-10-14 09:24:13,597 DEBUG class ~ To dropdown clicked
2021-10-14 09:24:14,339 DEBUG class ~ To Value clicked: MAA
2021-10-14 09:24:14,339 INFO  class ~ To Value clicked - info
2021-10-14 09:24:14,339 INFO  class ~ To list is clikced andpassed in tes case step
2021-10-14 09:24:15,453 DEBUG class ~ Date Selected
2021-10-14 09:24:15,453 ERROR class ~ Date Selected
2021-10-14 09:24:15,454 FATAL class ~ Date Selected -fatal
2021-10-14 09:24:15,454 WARN  class ~ Date Selected -warning
2021-10-14 09:24:15,454 INFO  class ~ Date is clikced and passed in tes case step
2021-10-14 09:24:30,463 DEBUG class ~ from dropdown clicked
2021-10-14 09:24:31,689 DEBUG class ~ from Value Selected: GOI
2021-10-14 09:24:31,689 INFO  class ~ From list is clikced andpassed in tes case step
2021-10-14 09:24:33,876 DEBUG class ~ To dropdown clicked
2021-10-14 09:24:34,870 DEBUG class ~ To Value clicked: SFO
2021-10-14 09:24:34,870 INFO  class ~ To Value clicked - info
2021-10-14 09:24:34,870 INFO  class ~ To list is clikced andpassed in tes case step
2021-10-14 09:24:36,382 DEBUG class ~ Date Selected
2021-10-14 09:24:36,382 ERROR class ~ Date Selected
2021-10-14 09:24:36,382 FATAL class ~ Date Selected -fatal
2021-10-14 09:24:36,382 WARN  class ~ Date Selected -warning
2021-10-14 09:24:36,382 INFO  class ~ Date is clikced and passed in tes case step
2021-10-14 09:24:49,476 DEBUG class ~ from dropdown clicked
2021-10-14 09:24:50,631 DEBUG class ~ from Value Selected: PNQ
2021-10-14 09:24:50,631 INFO  class ~ From list is clikced andpassed in tes case step
2021-10-14 09:24:52,839 DEBUG class ~ To dropdown clicked
2021-10-14 09:24:53,803 DEBUG class ~ To Value clicked: HKG
2021-10-14 09:24:53,803 INFO  class ~ To Value clicked - info
2021-10-14 09:24:53,803 INFO  class ~ To list is clikced andpassed in tes case step
2021-10-14 09:24:55,432 DEBUG class ~ Date Selected
2021-10-14 09:24:55,432 ERROR class ~ Date Selected
2021-10-14 09:24:55,433 FATAL class ~ Date Selected -fatal
2021-10-14 09:24:55,433 WARN  class ~ Date Selected -warning
2021-10-14 09:24:55,433 INFO  class ~ Date is clikced and passed in tes case step
2021-10-14 09:25:02,448 DEBUG freemarker.cache ~ Couldn't find template in cache for "Extent.ftl"("en_IN", UTF-8, parsed); will try to load it.
2021-10-14 09:25:02,450 DEBUG freemarker.cache ~ TemplateLoader.findTemplateSource("Extent_en_IN.ftl"): Not found
2021-10-14 09:25:02,451 DEBUG freemarker.cache ~ TemplateLoader.findTemplateSource("Extent_en.ftl"): Not found
2021-10-14 09:25:02,452 DEBUG freemarker.cache ~ TemplateLoader.findTemplateSource("Extent.ftl"): Found
2021-10-14 09:25:02,452 DEBUG freemarker.cache ~ Loading template for "Extent.ftl"("en_IN", UTF-8, parsed) from "jar:file:/C:/Users/sathishkumar/.m2/repository/com/relevantcodes/extentreports/2.41.2/extentreports-2.41.2.jar!/com/relevantcodes/extentreports/view/Extent.ftl"
2021-10-14 09:26:04,640 DEBUG class ~ browser intialize
2021-10-14 09:26:04,640 INFO  class ~ info log
2021-10-14 09:26:11,549 DEBUG class ~ from dropdown clicked
2021-10-14 09:26:12,803 DEBUG class ~ from Value Selected: BKK
2021-10-14 09:26:12,803 INFO  class ~ From list is clikced andpassed in tes case step
2021-10-14 09:26:14,988 DEBUG class ~ To dropdown clicked
2021-10-14 09:26:15,705 DEBUG class ~ To Value clicked: MAA
2021-10-14 09:26:15,705 INFO  class ~ To Value clicked - info
2021-10-14 09:26:15,705 INFO  class ~ To list is clikced andpassed in tes case step
2021-10-14 09:26:16,957 DEBUG class ~ Date Selected
2021-10-14 09:26:16,957 ERROR class ~ Date Selected
2021-10-14 09:26:16,957 FATAL class ~ Date Selected -fatal
2021-10-14 09:26:16,957 WARN  class ~ Date Selected -warning
2021-10-14 09:26:16,957 INFO  class ~ Date is clikced and passed in tes case step
2021-10-14 09:27:04,267 DEBUG class ~ from dropdown clicked
2021-10-14 09:27:05,493 DEBUG class ~ from Value Selected: GOI
2021-10-14 09:27:05,493 INFO  class ~ From list is clikced andpassed in tes case step
2021-10-14 09:27:07,664 DEBUG class ~ To dropdown clicked
2021-10-14 09:27:08,625 DEBUG class ~ To Value clicked: SFO
2021-10-14 09:27:08,625 INFO  class ~ To Value clicked - info
2021-10-14 09:27:08,625 INFO  class ~ To list is clikced andpassed in tes case step
2021-10-14 09:27:10,080 DEBUG class ~ Date Selected
2021-10-14 09:27:10,080 ERROR class ~ Date Selected
2021-10-14 09:27:10,080 FATAL class ~ Date Selected -fatal
2021-10-14 09:27:10,080 WARN  class ~ Date Selected -warning
2021-10-14 09:27:10,080 INFO  class ~ Date is clikced and passed in tes case step
2021-10-14 09:27:51,923 DEBUG class ~ from dropdown clicked
2021-10-14 09:27:53,056 DEBUG class ~ from Value Selected: PNQ
2021-10-14 09:27:53,056 INFO  class ~ From list is clikced andpassed in tes case step
2021-10-14 09:27:55,266 DEBUG class ~ To dropdown clicked
2021-10-14 09:27:56,192 DEBUG class ~ To Value clicked: HKG
2021-10-14 09:27:56,192 INFO  class ~ To Value clicked - info
2021-10-14 09:27:56,192 INFO  class ~ To list is clikced andpassed in tes case step
2021-10-14 09:27:57,838 DEBUG class ~ Date Selected
2021-10-14 09:27:57,838 ERROR class ~ Date Selected
2021-10-14 09:27:57,839 FATAL class ~ Date Selected -fatal
2021-10-14 09:27:57,839 WARN  class ~ Date Selected -warning
2021-10-14 09:27:57,839 INFO  class ~ Date is clikced and passed in tes case step
2021-10-14 09:28:19,144 DEBUG freemarker.cache ~ Couldn't find template in cache for "Extent.ftl"("en_IN", UTF-8, parsed); will try to load it.
2021-10-14 09:28:19,145 DEBUG freemarker.cache ~ TemplateLoader.findTemplateSource("Extent_en_IN.ftl"): Not found
2021-10-14 09:28:19,146 DEBUG freemarker.cache ~ TemplateLoader.findTemplateSource("Extent_en.ftl"): Not found
2021-10-14 09:28:19,147 DEBUG freemarker.cache ~ TemplateLoader.findTemplateSource("Extent.ftl"): Found
2021-10-14 09:28:19,147 DEBUG freemarker.cache ~ Loading template for "Extent.ftl"("en_IN", UTF-8, parsed) from "jar:file:/C:/Users/sathishkumar/.m2/repository/com/relevantcodes/extentreports/2.41.2/extentreports-2.41.2.jar!/com/relevantcodes/extentreports/view/Extent.ftl"
